1499108114937	geckodriver	INFO	Listening on 127.0.0.1:59163
1499108137373	geckodriver	INFO	Listening on 127.0.0.1:59337
1499108324618	geckodriver	INFO	Listening on 127.0.0.1:60318
1499108325674	geckodriver::marionette	INFO	Starting browser /Applications/Firefox.app/Contents/MacOS/firefox-bin with args ["-marionette"]
1499108327902	Marionette	INFO	Listening on port 60331
1499108327979	Marionette	WARN	TLS certificate errors will be ignored for this session
1499108328138	Marionette	DEBUG	loaded listener.js
2017-07-03 11:58:48.203 plugin-container[5548:398174] *** CFMessagePort: bootstrap_register(): failed 1100 (0x44c) 'Permission denied', port = 0x953f, name = 'com.apple.tsm.portname'
See /usr/include/servers/bootstrap_defs.h for the error codes.
2017-07-03 11:58:48.203 plugin-container[5548:398174] *** CFMessagePort: bootstrap_register(): failed 1100 (0x44c) 'Permission denied', port = 0x4f0b, name = 'com.apple.CFPasteboardClient'
See /usr/include/servers/bootstrap_defs.h for the error codes.
2017-07-03 11:58:48.203 plugin-container[5548:398174] void __CFPasteboardSetup() : Failed to allocate communication port for com.apple.CFPasteboardClient; this is likely due to sandbox restrictions
1499108339137	geckodriver	INFO	Listening on 127.0.0.1:60450
1499108340240	geckodriver::marionette	INFO	Starting browser /Applications/Firefox.app/Contents/MacOS/firefox-bin with args ["-marionette"]
1499108342184	Marionette	INFO	Listening on port 60467
1499108342235	Marionette	WARN	TLS certificate errors will be ignored for this session
1499108342397	Marionette	DEBUG	loaded listener.js
2017-07-03 11:59:02.458 plugin-container[5555:398584] *** CFMessagePort: bootstrap_register(): failed 1100 (0x44c) 'Permission denied', port = 0x953f, name = 'com.apple.tsm.portname'
See /usr/include/servers/bootstrap_defs.h for the error codes.
2017-07-03 11:59:02.458 plugin-container[5555:398584] *** CFMessagePort: bootstrap_register(): failed 1100 (0x44c) 'Permission denied', port = 0x9623, name = 'com.apple.CFPasteboardClient'
See /usr/include/servers/bootstrap_defs.h for the error codes.
2017-07-03 11:59:02.459 plugin-container[5555:398584] void __CFPasteboardSetup() : Failed to allocate communication port for com.apple.CFPasteboardClient; this is likely due to sandbox restrictions
1499108379897	geckodriver	INFO	Listening on 127.0.0.1:60699
1499108381002	geckodriver::marionette	INFO	Starting browser /Applications/Firefox.app/Contents/MacOS/firefox-bin with args ["-marionette"]
1499108382961	Marionette	INFO	Listening on port 60713
1499108383022	Marionette	WARN	TLS certificate errors will be ignored for this session
1499108383206	Marionette	DEBUG	loaded listener.js
2017-07-03 11:59:43.268 plugin-container[5569:399336] *** CFMessagePort: bootstrap_register(): failed 1100 (0x44c) 'Permission denied', port = 0x943f, name = 'com.apple.tsm.portname'
See /usr/include/servers/bootstrap_defs.h for the error codes.
2017-07-03 11:59:43.269 plugin-container[5569:399336] *** CFMessagePort: bootstrap_register(): failed 1100 (0x44c) 'Permission denied', port = 0x4f1b, name = 'com.apple.CFPasteboardClient'
See /usr/include/servers/bootstrap_defs.h for the error codes.
2017-07-03 11:59:43.269 plugin-container[5569:399336] void __CFPasteboardSetup() : Failed to allocate communication port for com.apple.CFPasteboardClient; this is likely due to sandbox restrictions
1499108385082	Marionette	INFO	Ceased listening
1499108390081	Marionette	INFO	Ceased listening
1499108411918	geckodriver	INFO	Listening on 127.0.0.1:60907
1499108413017	geckodriver::marionette	INFO	Starting browser /Applications/Firefox.app/Contents/MacOS/firefox-bin with args ["-marionette"]
1499108414985	Marionette	INFO	Listening on port 60920
1499108415031	Marionette	WARN	TLS certificate errors will be ignored for this session
1499108415215	Marionette	DEBUG	loaded listener.js
2017-07-03 12:00:15.279 plugin-container[5588:400045] *** CFMessagePort: bootstrap_register(): failed 1100 (0x44c) 'Permission denied', port = 0x943f, name = 'com.apple.tsm.portname'
See /usr/include/servers/bootstrap_defs.h for the error codes.
2017-07-03 12:00:15.279 plugin-container[5588:400045] *** CFMessagePort: bootstrap_register(): failed 1100 (0x44c) 'Permission denied', port = 0x4f1b, name = 'com.apple.CFPasteboardClient'
See /usr/include/servers/bootstrap_defs.h for the error codes.
2017-07-03 12:00:15.279 plugin-container[5588:400045] void __CFPasteboardSetup() : Failed to allocate communication port for com.apple.CFPasteboardClient; this is likely due to sandbox restrictions
1499108449362	addons.productaddons	WARN	Failed downloading XML, status: 0, reason: error
1499108451161	addons.productaddons	WARN	Failed downloading via XHR, status: 0, reason: error
1499108483960	addons.productaddons	WARN	Failed downloading XML, status: 0, reason: error
1499108484635	addons.productaddons	WARN	Failed downloading via XHR, status: 0, reason: error
*************************
A coding exception was thrown and uncaught in a Task.

Full message: TypeError: NetworkError when attempting to fetch resource.
Full stack: 
*************************
*************************
A coding exception was thrown and uncaught in a Task.

Full message: TypeError: NetworkError when attempting to fetch resource.
Full stack: 
*************************
1499118048149	Marionette	INFO	Ceased listening
1499118050030	Marionette	INFO	Ceased listening
1499118149690	geckodriver	INFO	Listening on 127.0.0.1:49708
1499118151049	geckodriver::marionette	INFO	Starting browser /Applications/Firefox.app/Contents/MacOS/firefox-bin with args ["-marionette"]
1499118153047	Marionette	INFO	Listening on port 49718
1499118153121	Marionette	WARN	TLS certificate errors will be ignored for this session
1499118153262	Marionette	DEBUG	loaded listener.js
2017-07-03 14:42:33.335 plugin-container[6125:454411] *** CFMessagePort: bootstrap_register(): failed 1100 (0x44c) 'Permission denied', port = 0x943f, name = 'com.apple.tsm.portname'
See /usr/include/servers/bootstrap_defs.h for the error codes.
2017-07-03 14:42:33.337 plugin-container[6125:454411] *** CFMessagePort: bootstrap_register(): failed 1100 (0x44c) 'Permission denied', port = 0x9527, name = 'com.apple.CFPasteboardClient'
See /usr/include/servers/bootstrap_defs.h for the error codes.
2017-07-03 14:42:33.337 plugin-container[6125:454411] void __CFPasteboardSetup() : Failed to allocate communication port for com.apple.CFPasteboardClient; this is likely due to sandbox restrictions
2017-07-03 14:43:04.844 plugin-container[6129:454839] *** CFMessagePort: bootstrap_register(): failed 1100 (0x44c) 'Permission denied', port = 0x973f, name = 'com.apple.tsm.portname'
See /usr/include/servers/bootstrap_defs.h for the error codes.
2017-07-03 14:43:04.845 plugin-container[6129:454839] *** CFMessagePort: bootstrap_register(): failed 1100 (0x44c) 'Permission denied', port = 0x5323, name = 'com.apple.CFPasteboardClient'
See /usr/include/servers/bootstrap_defs.h for the error codes.
2017-07-03 14:43:04.845 plugin-container[6129:454839] void __CFPasteboardSetup() : Failed to allocate communication port for com.apple.CFPasteboardClient; this is likely due to sandbox restrictions
*************************
A coding exception was thrown and uncaught in a Task.

Full message: TypeError: NetworkError when attempting to fetch resource.
Full stack: 
*************************
1499138858215	geckodriver	INFO	Listening on 127.0.0.1:50444
1499138859644	geckodriver::marionette	INFO	Starting browser /Applications/Firefox.app/Contents/MacOS/firefox-bin with args ["-marionette"]
1499138862190	Marionette	INFO	Listening on port 50453
1499138862258	Marionette	WARN	TLS certificate errors will be ignored for this session
1499138862416	Marionette	DEBUG	loaded listener.js
2017-07-03 20:27:42.490 plugin-container[7573:564253] *** CFMessagePort: bootstrap_register(): failed 1100 (0x44c) 'Permission denied', port = 0x943f, name = 'com.apple.tsm.portname'
See /usr/include/servers/bootstrap_defs.h for the error codes.
2017-07-03 20:27:42.492 plugin-container[7573:564253] *** CFMessagePort: bootstrap_register(): failed 1100 (0x44c) 'Permission denied', port = 0x971f, name = 'com.apple.CFPasteboardClient'
See /usr/include/servers/bootstrap_defs.h for the error codes.
2017-07-03 20:27:42.492 plugin-container[7573:564253] void __CFPasteboardSetup() : Failed to allocate communication port for com.apple.CFPasteboardClient; this is likely due to sandbox restrictions
1499138868125	Marionette	INFO	Ceased listening
2017-07-03 20:27:52.237 plugin-container[7575:564620] *** CFMessagePort: bootstrap_register(): failed 1100 (0x44c) 'Permission denied', port = 0x9d3f, name = 'com.apple.tsm.portname'
See /usr/include/servers/bootstrap_defs.h for the error codes.
2017-07-03 20:27:52.238 plugin-container[7575:564620] *** CFMessagePort: bootstrap_register(): failed 1100 (0x44c) 'Permission denied', port = 0x4f1f, name = 'com.apple.CFPasteboardClient'
See /usr/include/servers/bootstrap_defs.h for the error codes.
2017-07-03 20:27:52.238 plugin-container[7575:564620] void __CFPasteboardSetup() : Failed to allocate communication port for com.apple.CFPasteboardClient; this is likely due to sandbox restrictions
1499138872859	Marionette	INFO	Ceased listening
1499272262685	geckodriver	INFO	Listening on 127.0.0.1:54454
1499272264065	geckodriver::marionette	INFO	Starting browser /Applications/Firefox.app/Contents/MacOS/firefox-bin with args ["-marionette"]
1499272266840	Marionette	INFO	Listening on port 54463
1499272266931	Marionette	WARN	TLS certificate errors will be ignored for this session
1499272267067	Marionette	DEBUG	loaded listener.js
2017-07-05 09:31:07.127 plugin-container[11161:900974] *** CFMessagePort: bootstrap_register(): failed 1100 (0x44c) 'Permission denied', port = 0x973f, name = 'com.apple.tsm.portname'
See /usr/include/servers/bootstrap_defs.h for the error codes.
2017-07-05 09:31:07.127 plugin-container[11161:900974] *** CFMessagePort: bootstrap_register(): failed 1100 (0x44c) 'Permission denied', port = 0x521b, name = 'com.apple.CFPasteboardClient'
See /usr/include/servers/bootstrap_defs.h for the error codes.
2017-07-05 09:31:07.127 plugin-container[11161:900974] void __CFPasteboardSetup() : Failed to allocate communication port for com.apple.CFPasteboardClient; this is likely due to sandbox restrictions
1499272333141	addons.productaddons	WARN	Failed downloading XML, status: 0, reason: error
1499272333982	addons.productaddons	WARN	Failed downloading via XHR, status: 0, reason: error
1499272352655	Marionette	INFO	Ceased listening
1499362129840	geckodriver	INFO	Listening on 127.0.0.1:64999
1499362130931	geckodriver::marionette	INFO	Starting browser /Applications/Firefox.app/Contents/MacOS/firefox-bin with args ["-marionette"]
1499362132857	Marionette	INFO	Listening on port 65013
1499362132918	Marionette	WARN	TLS certificate errors will be ignored for this session
1499362133078	Marionette	DEBUG	loaded listener.js
2017-07-06 10:28:53.140 plugin-container[14988:1247266] *** CFMessagePort: bootstrap_register(): failed 1100 (0x44c) 'Permission denied', port = 0x9437, name = 'com.apple.tsm.portname'
See /usr/include/servers/bootstrap_defs.h for the error codes.
2017-07-06 10:28:53.141 plugin-container[14988:1247266] *** CFMessagePort: bootstrap_register(): failed 1100 (0x44c) 'Permission denied', port = 0x4f17, name = 'com.apple.CFPasteboardClient'
See /usr/include/servers/bootstrap_defs.h for the error codes.
2017-07-06 10:28:53.141 plugin-container[14988:1247266] void __CFPasteboardSetup() : Failed to allocate communication port for com.apple.CFPasteboardClient; this is likely due to sandbox restrictions
1499362139039	Marionette	INFO	Ceased listening
1499368778666	geckodriver	INFO	Listening on 127.0.0.1:58118
1499368779760	geckodriver::marionette	INFO	Starting browser /Applications/Firefox.app/Contents/MacOS/firefox-bin with args ["-marionette"]
1499368781737	Marionette	INFO	Listening on port 58128
1499368781786	Marionette	WARN	TLS certificate errors will be ignored for this session
1499368781967	Marionette	DEBUG	loaded listener.js
2017-07-06 12:19:42.028 plugin-container[16203:1335958] *** CFMessagePort: bootstrap_register(): failed 1100 (0x44c) 'Permission denied', port = 0x953f, name = 'com.apple.tsm.portname'
See /usr/include/servers/bootstrap_defs.h for the error codes.
2017-07-06 12:19:42.028 plugin-container[16203:1335958] *** CFMessagePort: bootstrap_register(): failed 1100 (0x44c) 'Permission denied', port = 0x9a1f, name = 'com.apple.CFPasteboardClient'
See /usr/include/servers/bootstrap_defs.h for the error codes.
2017-07-06 12:19:42.028 plugin-container[16203:1335958] void __CFPasteboardSetup() : Failed to allocate communication port for com.apple.CFPasteboardClient; this is likely due to sandbox restrictions
1499368791427	Marionette	INFO	Ceased listening
1499447446238	geckodriver	INFO	Listening on 127.0.0.1:51753
1499447447686	geckodriver::marionette	INFO	Starting browser /Applications/Firefox.app/Contents/MacOS/firefox-bin with args ["-marionette"]
1499447450334	Marionette	INFO	Listening on port 51764
1499447450413	Marionette	WARN	TLS certificate errors will be ignored for this session
1499447450557	Marionette	DEBUG	loaded listener.js
2017-07-07 10:10:50.619 plugin-container[18330:1523138] *** CFMessagePort: bootstrap_register(): failed 1100 (0x44c) 'Permission denied', port = 0x953f, name = 'com.apple.tsm.portname'
See /usr/include/servers/bootstrap_defs.h for the error codes.
2017-07-07 10:10:50.620 plugin-container[18330:1523138] *** CFMessagePort: bootstrap_register(): failed 1100 (0x44c) 'Permission denied', port = 0x9723, name = 'com.apple.CFPasteboardClient'
See /usr/include/servers/bootstrap_defs.h for the error codes.
2017-07-07 10:10:50.620 plugin-container[18330:1523138] void __CFPasteboardSetup() : Failed to allocate communication port for com.apple.CFPasteboardClient; this is likely due to sandbox restrictions
1499464297753	geckodriver	INFO	Listening on 127.0.0.1:57955
1499464299043	geckodriver::marionette	INFO	Starting browser /Applications/Firefox.app/Contents/MacOS/firefox-bin with args ["-marionette"]
1499464301642	Marionette	INFO	Listening on port 57969
1499464301687	Marionette	WARN	TLS certificate errors will be ignored for this session
1499464301871	Marionette	DEBUG	loaded listener.js
2017-07-07 14:51:41.930 plugin-container[20576:1778109] *** CFMessagePort: bootstrap_register(): failed 1100 (0x44c) 'Permission denied', port = 0x963f, name = 'com.apple.tsm.portname'
See /usr/include/servers/bootstrap_defs.h for the error codes.
2017-07-07 14:51:41.931 plugin-container[20576:1778109] *** CFMessagePort: bootstrap_register(): failed 1100 (0x44c) 'Permission denied', port = 0x991f, name = 'com.apple.CFPasteboardClient'
See /usr/include/servers/bootstrap_defs.h for the error codes.
2017-07-07 14:51:41.931 plugin-container[20576:1778109] void __CFPasteboardSetup() : Failed to allocate communication port for com.apple.CFPasteboardClient; this is likely due to sandbox restrictions
1499464331742	geckodriver	INFO	Listening on 127.0.0.1:58184
1499464332843	geckodriver::marionette	INFO	Starting browser /Applications/Firefox.app/Contents/MacOS/firefox-bin with args ["-marionette"]
1499464334714	Marionette	INFO	Listening on port 58198
1499464334764	Marionette	WARN	TLS certificate errors will be ignored for this session
1499464334988	Marionette	DEBUG	loaded listener.js
2017-07-07 14:52:15.049 plugin-container[20589:1778813] *** CFMessagePort: bootstrap_register(): failed 1100 (0x44c) 'Permission denied', port = 0x963f, name = 'com.apple.tsm.portname'
See /usr/include/servers/bootstrap_defs.h for the error codes.
2017-07-07 14:52:15.049 plugin-container[20589:1778813] *** CFMessagePort: bootstrap_register(): failed 1100 (0x44c) 'Permission denied', port = 0x5113, name = 'com.apple.CFPasteboardClient'
See /usr/include/servers/bootstrap_defs.h for the error codes.
2017-07-07 14:52:15.049 plugin-container[20589:1778813] void __CFPasteboardSetup() : Failed to allocate communication port for com.apple.CFPasteboardClient; this is likely due to sandbox restrictions
[GFX1-]: Receive IPC close with reason=AbnormalShutdown
[Child 20589] WARNING: pipe error: Broken pipe: file /builds/slave/m-rel-m64-00000000000000000000/build/src/ipc/chromium/src/chrome/common/ipc_channel_posix.cc, line 702
1499464338676	Marionette	INFO	Ceased listening
1499710867638	geckodriver	INFO	Listening on 127.0.0.1:60159
1499710868987	geckodriver::marionette	INFO	Starting browser /Applications/Firefox.app/Contents/MacOS/firefox-bin with args ["-marionette"]
1499710871668	Marionette	INFO	Listening on port 60168
1499710871731	Marionette	WARN	TLS certificate errors will be ignored for this session
1499710871905	Marionette	DEBUG	loaded listener.js
2017-07-10 11:21:11.973 plugin-container[34921:3183376] *** CFMessagePort: bootstrap_register(): failed 1100 (0x44c) 'Permission denied', port = 0x953f, name = 'com.apple.tsm.portname'
See /usr/include/servers/bootstrap_defs.h for the error codes.
2017-07-10 11:21:11.973 plugin-container[34921:3183376] *** CFMessagePort: bootstrap_register(): failed 1100 (0x44c) 'Permission denied', port = 0x964b, name = 'com.apple.CFPasteboardClient'
See /usr/include/servers/bootstrap_defs.h for the error codes.
2017-07-10 11:21:11.973 plugin-container[34921:3183376] void __CFPasteboardSetup() : Failed to allocate communication port for com.apple.CFPasteboardClient; this is likely due to sandbox restrictions
1499710873310	Marionette	DEBUG	Received DOM event "beforeunload" for "about:blank"
1499710874331	Marionette	DEBUG	Received DOM event "pagehide" for "about:blank"
1499710874331	Marionette	DEBUG	Received DOM event "unload" for "about:blank"
1499710874888	Marionette	DEBUG	Received DOM event "DOMContentLoaded" for "https://twitter.com/search?q=%23cocos%20fire&src=typd"
1499710874929	Marionette	DEBUG	Received DOM event "DOMContentLoaded" for "https://twitter.com/search?q=%23cocos%20fire&src=typd"
1499710874932	Marionette	DEBUG	Received DOM event "pageshow" for "https://twitter.com/search?q=%23cocos%20fire&src=typd"
1499710874933	Marionette	DEBUG	Received DOM event "DOMContentLoaded" for "https://twitter.com/search?q=%23cocos%20fire&src=typd"
1499710874934	Marionette	DEBUG	Received DOM event "pageshow" for "https://twitter.com/search?q=%23cocos%20fire&src=typd"
1499710874934	Marionette	DEBUG	Received DOM event "DOMContentLoaded" for "https://twitter.com/search?q=%23cocos%20fire&src=typd"
1499710874937	Marionette	DEBUG	Received DOM event "pageshow" for "https://twitter.com/search?q=%23cocos%20fire&src=typd"
1499710874939	Marionette	DEBUG	Received DOM event "DOMContentLoaded" for "https://twitter.com/search?q=%23cocos%20fire&src=typd"
1499710874940	Marionette	DEBUG	Received DOM event "pageshow" for "https://twitter.com/search?q=%23cocos%20fire&src=typd"
1499710874941	Marionette	DEBUG	Received DOM event "DOMContentLoaded" for "https://twitter.com/search?q=%23cocos%20fire&src=typd"
1499710874943	Marionette	DEBUG	Received DOM event "pageshow" for "https://twitter.com/search?q=%23cocos%20fire&src=typd"
1499710874943	Marionette	DEBUG	Received DOM event "DOMContentLoaded" for "https://twitter.com/search?q=%23cocos%20fire&src=typd"
1499710874944	Marionette	DEBUG	Received DOM event "pageshow" for "https://twitter.com/search?q=%23cocos%20fire&src=typd"
1499710874944	Marionette	DEBUG	Received DOM event "DOMContentLoaded" for "https://twitter.com/search?q=%23cocos%20fire&src=typd"
1499710874945	Marionette	DEBUG	Received DOM event "pageshow" for "https://twitter.com/search?q=%23cocos%20fire&src=typd"
1499710876384	Marionette	DEBUG	Received DOM event "DOMContentLoaded" for "https://twitter.com/i/cards/tfw/v1/697193044190351361?cardname=summary&autoplay_disabled=true&forward=true&earned=true&edge=true&lang=en&card_height=130&scribe_context=%7B%22client%22%3A%22web%22%2C%22page%22%3A%22search%22%2C%22section%22%3A%22default%22%2C%22component%22%3A%22tweet%22%7D&bearer_token=AAAAAAAAAAAAAAAAAAAAAPYXBAAAAAAACLXUNDekMxqa8h%252F40K4moUkGsoc%253DTYfbDKbT3jJPCEVnMYqilB28NHfOPqkca3qaAxGfsyKCs0wRbw#xdm_e=https%3A%2F%2Ftwitter.com&xdm_c=default8064&xdm_p=1"
1499710876386	Marionette	DEBUG	Received DOM event "pageshow" for "https://twitter.com/i/cards/tfw/v1/697193044190351361?cardname=summary&autoplay_disabled=true&forward=true&earned=true&edge=true&lang=en&card_height=130&scribe_context=%7B%22client%22%3A%22web%22%2C%22page%22%3A%22search%22%2C%22section%22%3A%22default%22%2C%22component%22%3A%22tweet%22%7D&bearer_token=AAAAAAAAAAAAAAAAAAAAAPYXBAAAAAAACLXUNDekMxqa8h%252F40K4moUkGsoc%253DTYfbDKbT3jJPCEVnMYqilB28NHfOPqkca3qaAxGfsyKCs0wRbw#xdm_e=https%3A%2F%2Ftwitter.com&xdm_c=default8064&xdm_p=1"
1499710876445	Marionette	DEBUG	Received DOM event "DOMContentLoaded" for "https://twitter.com/i/cards/tfw/v1/662635934807171072?cardname=summary&autoplay_disabled=true&forward=true&earned=true&edge=true&lang=en&card_height=130&scribe_context=%7B%22client%22%3A%22web%22%2C%22page%22%3A%22search%22%2C%22section%22%3A%22default%22%2C%22component%22%3A%22tweet%22%7D&bearer_token=AAAAAAAAAAAAAAAAAAAAAPYXBAAAAAAACLXUNDekMxqa8h%252F40K4moUkGsoc%253DTYfbDKbT3jJPCEVnMYqilB28NHfOPqkca3qaAxGfsyKCs0wRbw#xdm_e=https%3A%2F%2Ftwitter.com&xdm_c=default8065&xdm_p=1"
1499710876446	Marionette	DEBUG	Received DOM event "pageshow" for "https://twitter.com/i/cards/tfw/v1/662635934807171072?cardname=summary&autoplay_disabled=true&forward=true&earned=true&edge=true&lang=en&card_height=130&scribe_context=%7B%22client%22%3A%22web%22%2C%22page%22%3A%22search%22%2C%22section%22%3A%22default%22%2C%22component%22%3A%22tweet%22%7D&bearer_token=AAAAAAAAAAAAAAAAAAAAAPYXBAAAAAAACLXUNDekMxqa8h%252F40K4moUkGsoc%253DTYfbDKbT3jJPCEVnMYqilB28NHfOPqkca3qaAxGfsyKCs0wRbw#xdm_e=https%3A%2F%2Ftwitter.com&xdm_c=default8065&xdm_p=1"
1499710877634	Marionette	DEBUG	Received DOM event "pageshow" for "https://twitter.com/search?q=%23cocos%20fire&src=typd"
1499710932118	addons.productaddons	WARN	Failed downloading XML, status: 0, reason: error
1499710932807	addons.productaddons	WARN	Failed downloading via XHR, status: 0, reason: error
IPDL protocol error: Handler returned error code!

###!!! [Parent][DispatchAsyncMessage] Error: PLayerTransaction::Msg_ReleaseLayer Processing error: message was deserialized, but the handler returned false (indicating failure)

IPDL protocol error: Handler returned error code!

###!!! [Parent][DispatchAsyncMessage] Error: PLayerTransaction::Msg_ReleaseLayer Processing error: message was deserialized, but the handler returned false (indicating failure)

1499711117711	Marionette	INFO	Ceased listening
1499793227085	geckodriver	INFO	Listening on 127.0.0.1:65030
1499793228419	geckodriver::marionette	INFO	Starting browser /Applications/Firefox.app/Contents/MacOS/firefox-bin with args ["-marionette"]
1499793231073	Marionette	INFO	Listening on port 65039
1499793231141	Marionette	WARN	TLS certificate errors will be ignored for this session
1499793231296	Marionette	DEBUG	loaded listener.js
2017-07-11 10:13:51.383 plugin-container[41323:3728107] *** CFMessagePort: bootstrap_register(): failed 1100 (0x44c) 'Permission denied', port = 0x953f, name = 'com.apple.tsm.portname'
See /usr/include/servers/bootstrap_defs.h for the error codes.
2017-07-11 10:13:51.385 plugin-container[41323:3728107] *** CFMessagePort: bootstrap_register(): failed 1100 (0x44c) 'Permission denied', port = 0x4b3b, name = 'com.apple.CFPasteboardClient'
See /usr/include/servers/bootstrap_defs.h for the error codes.
2017-07-11 10:13:51.385 plugin-container[41323:3728107] void __CFPasteboardSetup() : Failed to allocate communication port for com.apple.CFPasteboardClient; this is likely due to sandbox restrictions
1499793232925	Marionette	DEBUG	Received DOM event "beforeunload" for "about:blank"
1499793233535	Marionette	DEBUG	Received DOM event "pagehide" for "about:blank"
1499793233536	Marionette	DEBUG	Received DOM event "unload" for "about:blank"
1499793234603	Marionette	DEBUG	Received DOM event "DOMContentLoaded" for "https://twitter.com/search?q=%23cocos%20fire&src=typd"
1499793234614	Marionette	DEBUG	Received DOM event "DOMContentLoaded" for "https://twitter.com/search?q=%23cocos%20fire&src=typd"
1499793234617	Marionette	DEBUG	Received DOM event "pageshow" for "https://twitter.com/search?q=%23cocos%20fire&src=typd"
1499793234618	Marionette	DEBUG	Received DOM event "DOMContentLoaded" for "https://twitter.com/search?q=%23cocos%20fire&src=typd"
1499793234619	Marionette	DEBUG	Received DOM event "pageshow" for "https://twitter.com/search?q=%23cocos%20fire&src=typd"
1499793234619	Marionette	DEBUG	Received DOM event "DOMContentLoaded" for "https://twitter.com/search?q=%23cocos%20fire&src=typd"
1499793234620	Marionette	DEBUG	Received DOM event "pageshow" for "https://twitter.com/search?q=%23cocos%20fire&src=typd"
1499793234621	Marionette	DEBUG	Received DOM event "DOMContentLoaded" for "https://twitter.com/search?q=%23cocos%20fire&src=typd"
1499793234621	Marionette	DEBUG	Received DOM event "pageshow" for "https://twitter.com/search?q=%23cocos%20fire&src=typd"
1499793234622	Marionette	DEBUG	Received DOM event "DOMContentLoaded" for "https://twitter.com/search?q=%23cocos%20fire&src=typd"
1499793234623	Marionette	DEBUG	Received DOM event "pageshow" for "https://twitter.com/search?q=%23cocos%20fire&src=typd"
1499793234624	Marionette	DEBUG	Received DOM event "DOMContentLoaded" for "https://twitter.com/search?q=%23cocos%20fire&src=typd"
1499793234625	Marionette	DEBUG	Received DOM event "pageshow" for "https://twitter.com/search?q=%23cocos%20fire&src=typd"
1499793234625	Marionette	DEBUG	Received DOM event "DOMContentLoaded" for "https://twitter.com/search?q=%23cocos%20fire&src=typd"
1499793234626	Marionette	DEBUG	Received DOM event "pageshow" for "https://twitter.com/search?q=%23cocos%20fire&src=typd"
1499793235943	Marionette	DEBUG	Received DOM event "DOMContentLoaded" for "https://twitter.com/i/cards/tfw/v1/697193044190351361?cardname=summary&autoplay_disabled=true&forward=true&earned=true&edge=true&lang=en&card_height=130&scribe_context=%7B%22client%22%3A%22web%22%2C%22page%22%3A%22search%22%2C%22section%22%3A%22default%22%2C%22component%22%3A%22tweet%22%7D&bearer_token=AAAAAAAAAAAAAAAAAAAAAPYXBAAAAAAACLXUNDekMxqa8h%252F40K4moUkGsoc%253DTYfbDKbT3jJPCEVnMYqilB28NHfOPqkca3qaAxGfsyKCs0wRbw#xdm_e=https%3A%2F%2Ftwitter.com&xdm_c=default6744&xdm_p=1"
1499793235945	Marionette	DEBUG	Received DOM event "pageshow" for "https://twitter.com/i/cards/tfw/v1/697193044190351361?cardname=summary&autoplay_disabled=true&forward=true&earned=true&edge=true&lang=en&card_height=130&scribe_context=%7B%22client%22%3A%22web%22%2C%22page%22%3A%22search%22%2C%22section%22%3A%22default%22%2C%22component%22%3A%22tweet%22%7D&bearer_token=AAAAAAAAAAAAAAAAAAAAAPYXBAAAAAAACLXUNDekMxqa8h%252F40K4moUkGsoc%253DTYfbDKbT3jJPCEVnMYqilB28NHfOPqkca3qaAxGfsyKCs0wRbw#xdm_e=https%3A%2F%2Ftwitter.com&xdm_c=default6744&xdm_p=1"
1499793235945	Marionette	DEBUG	Received DOM event "DOMContentLoaded" for "https://twitter.com/i/cards/tfw/v1/662635934807171072?cardname=summary&autoplay_disabled=true&forward=true&earned=true&edge=true&lang=en&card_height=130&scribe_context=%7B%22client%22%3A%22web%22%2C%22page%22%3A%22search%22%2C%22section%22%3A%22default%22%2C%22component%22%3A%22tweet%22%7D&bearer_token=AAAAAAAAAAAAAAAAAAAAAPYXBAAAAAAACLXUNDekMxqa8h%252F40K4moUkGsoc%253DTYfbDKbT3jJPCEVnMYqilB28NHfOPqkca3qaAxGfsyKCs0wRbw#xdm_e=https%3A%2F%2Ftwitter.com&xdm_c=default6745&xdm_p=1"
1499793235946	Marionette	DEBUG	Received DOM event "pageshow" for "https://twitter.com/i/cards/tfw/v1/662635934807171072?cardname=summary&autoplay_disabled=true&forward=true&earned=true&edge=true&lang=en&card_height=130&scribe_context=%7B%22client%22%3A%22web%22%2C%22page%22%3A%22search%22%2C%22section%22%3A%22default%22%2C%22component%22%3A%22tweet%22%7D&bearer_token=AAAAAAAAAAAAAAAAAAAAAPYXBAAAAAAACLXUNDekMxqa8h%252F40K4moUkGsoc%253DTYfbDKbT3jJPCEVnMYqilB28NHfOPqkca3qaAxGfsyKCs0wRbw#xdm_e=https%3A%2F%2Ftwitter.com&xdm_c=default6745&xdm_p=1"
1499793236577	Marionette	DEBUG	Received DOM event "pageshow" for "https://twitter.com/search?q=%23cocos%20fire&src=typd"
1499793291491	addons.productaddons	WARN	Failed downloading XML, status: 0, reason: error
1499793292352	addons.productaddons	WARN	Failed downloading via XHR, status: 0, reason: error
1499793328776	geckodriver	INFO	Listening on 127.0.0.1:65281
1499793329872	geckodriver::marionette	INFO	Starting browser /Applications/Firefox.app/Contents/MacOS/firefox-bin with args ["-marionette"]
1499793331921	Marionette	INFO	Listening on port 65291
1499793331964	Marionette	WARN	TLS certificate errors will be ignored for this session
1499793332152	Marionette	DEBUG	loaded listener.js
2017-07-11 10:15:32.242 plugin-container[41362:3729762] *** CFMessagePort: bootstrap_register(): failed 1100 (0x44c) 'Permission denied', port = 0x953f, name = 'com.apple.tsm.portname'
See /usr/include/servers/bootstrap_defs.h for the error codes.
2017-07-11 10:15:32.244 plugin-container[41362:3729762] *** CFMessagePort: bootstrap_register(): failed 1100 (0x44c) 'Permission denied', port = 0x9627, name = 'com.apple.CFPasteboardClient'
See /usr/include/servers/bootstrap_defs.h for the error codes.
2017-07-11 10:15:32.244 plugin-container[41362:3729762] void __CFPasteboardSetup() : Failed to allocate communication port for com.apple.CFPasteboardClient; this is likely due to sandbox restrictions
1499793333079	Marionette	DEBUG	Received DOM event "beforeunload" for "about:blank"
IPDL protocol error: Handler returned error code!

###!!! [Parent][DispatchAsyncMessage] Error: PLayerTransaction::Msg_ReleaseLayer Processing error: message was deserialized, but the handler returned false (indicating failure)

IPDL protocol error: Handler returned error code!

###!!! [Parent][DispatchAsyncMessage] Error: PLayerTransaction::Msg_ReleaseLayer Processing error: message was deserialized, but the handler returned false (indicating failure)

1499793333658	Marionette	DEBUG	Received DOM event "pagehide" for "about:blank"
1499793333658	Marionette	DEBUG	Received DOM event "unload" for "about:blank"
1499793333755	Marionette	INFO	Ceased listening
1499793334240	Marionette	DEBUG	Received DOM event "DOMContentLoaded" for "https://twitter.com/search?q=%23cocos%20fire&src=typd"
1499793334280	Marionette	DEBUG	Received DOM event "DOMContentLoaded" for "https://twitter.com/search?q=%23cocos%20fire&src=typd"
1499793334284	Marionette	DEBUG	Received DOM event "pageshow" for "https://twitter.com/search?q=%23cocos%20fire&src=typd"
1499793334284	Marionette	DEBUG	Received DOM event "DOMContentLoaded" for "https://twitter.com/search?q=%23cocos%20fire&src=typd"
1499793334287	Marionette	DEBUG	Received DOM event "pageshow" for "https://twitter.com/search?q=%23cocos%20fire&src=typd"
1499793334288	Marionette	DEBUG	Received DOM event "DOMContentLoaded" for "https://twitter.com/search?q=%23cocos%20fire&src=typd"
1499793334289	Marionette	DEBUG	Received DOM event "pageshow" for "https://twitter.com/search?q=%23cocos%20fire&src=typd"
1499793334289	Marionette	DEBUG	Received DOM event "DOMContentLoaded" for "https://twitter.com/search?q=%23cocos%20fire&src=typd"
1499793334290	Marionette	DEBUG	Received DOM event "pageshow" for "https://twitter.com/search?q=%23cocos%20fire&src=typd"
1499793334290	Marionette	DEBUG	Received DOM event "DOMContentLoaded" for "https://twitter.com/search?q=%23cocos%20fire&src=typd"
1499793334291	Marionette	DEBUG	Received DOM event "pageshow" for "https://twitter.com/search?q=%23cocos%20fire&src=typd"
1499793334291	Marionette	DEBUG	Received DOM event "DOMContentLoaded" for "https://twitter.com/search?q=%23cocos%20fire&src=typd"
1499793334292	Marionette	DEBUG	Received DOM event "pageshow" for "https://twitter.com/search?q=%23cocos%20fire&src=typd"
1499793334292	Marionette	DEBUG	Received DOM event "DOMContentLoaded" for "https://twitter.com/search?q=%23cocos%20fire&src=typd"
1499793334293	Marionette	DEBUG	Received DOM event "pageshow" for "https://twitter.com/search?q=%23cocos%20fire&src=typd"
1499793335604	Marionette	DEBUG	Received DOM event "DOMContentLoaded" for "https://twitter.com/i/cards/tfw/v1/697193044190351361?cardname=summary&autoplay_disabled=true&forward=true&earned=true&edge=true&lang=en&card_height=130&scribe_context=%7B%22client%22%3A%22web%22%2C%22page%22%3A%22search%22%2C%22section%22%3A%22default%22%2C%22component%22%3A%22tweet%22%7D&bearer_token=AAAAAAAAAAAAAAAAAAAAAPYXBAAAAAAACLXUNDekMxqa8h%252F40K4moUkGsoc%253DTYfbDKbT3jJPCEVnMYqilB28NHfOPqkca3qaAxGfsyKCs0wRbw#xdm_e=https%3A%2F%2Ftwitter.com&xdm_c=default3624&xdm_p=1"
1499793335607	Marionette	DEBUG	Received DOM event "pageshow" for "https://twitter.com/i/cards/tfw/v1/697193044190351361?cardname=summary&autoplay_disabled=true&forward=true&earned=true&edge=true&lang=en&card_height=130&scribe_context=%7B%22client%22%3A%22web%22%2C%22page%22%3A%22search%22%2C%22section%22%3A%22default%22%2C%22component%22%3A%22tweet%22%7D&bearer_token=AAAAAAAAAAAAAAAAAAAAAPYXBAAAAAAACLXUNDekMxqa8h%252F40K4moUkGsoc%253DTYfbDKbT3jJPCEVnMYqilB28NHfOPqkca3qaAxGfsyKCs0wRbw#xdm_e=https%3A%2F%2Ftwitter.com&xdm_c=default3624&xdm_p=1"
1499793335708	Marionette	DEBUG	Received DOM event "DOMContentLoaded" for "https://twitter.com/i/cards/tfw/v1/662635934807171072?cardname=summary&autoplay_disabled=true&forward=true&earned=true&edge=true&lang=en&card_height=130&scribe_context=%7B%22client%22%3A%22web%22%2C%22page%22%3A%22search%22%2C%22section%22%3A%22default%22%2C%22component%22%3A%22tweet%22%7D&bearer_token=AAAAAAAAAAAAAAAAAAAAAPYXBAAAAAAACLXUNDekMxqa8h%252F40K4moUkGsoc%253DTYfbDKbT3jJPCEVnMYqilB28NHfOPqkca3qaAxGfsyKCs0wRbw#xdm_e=https%3A%2F%2Ftwitter.com&xdm_c=default3625&xdm_p=1"
1499793335709	Marionette	DEBUG	Received DOM event "pageshow" for "https://twitter.com/i/cards/tfw/v1/662635934807171072?cardname=summary&autoplay_disabled=true&forward=true&earned=true&edge=true&lang=en&card_height=130&scribe_context=%7B%22client%22%3A%22web%22%2C%22page%22%3A%22search%22%2C%22section%22%3A%22default%22%2C%22component%22%3A%22tweet%22%7D&bearer_token=AAAAAAAAAAAAAAAAAAAAAPYXBAAAAAAACLXUNDekMxqa8h%252F40K4moUkGsoc%253DTYfbDKbT3jJPCEVnMYqilB28NHfOPqkca3qaAxGfsyKCs0wRbw#xdm_e=https%3A%2F%2Ftwitter.com&xdm_c=default3625&xdm_p=1"
1499793335834	Marionette	DEBUG	Received DOM event "pageshow" for "https://twitter.com/search?q=%23cocos%20fire&src=typd"
IPDL protocol error: Handler returned error code!

###!!! [Parent][DispatchAsyncMessage] Error: PLayerTransaction::Msg_ReleaseLayer Processing error: message was deserialized, but the handler returned false (indicating failure)

1499793380904	Marionette	INFO	Ceased listening
