1499119228580	geckodriver	INFO	Listening on 127.0.0.1:50562
1499119229636	geckodriver::marionette	INFO	Starting browser /Applications/Firefox.app/Contents/MacOS/firefox-bin with args ["-marionette"]
1499119231155	Marionette	INFO	Listening on port 50572
1499119231205	Marionette	WARN	TLS certificate errors will be ignored for this session
1499119231372	Marionette	DEBUG	loaded listener.js
2017-07-03 15:00:31.441 plugin-container[6323:469660] *** CFMessagePort: bootstrap_register(): failed 1100 (0x44c) 'Permission denied', port = 0x963f, name = 'com.apple.tsm.portname'
See /usr/include/servers/bootstrap_defs.h for the error codes.
2017-07-03 15:00:31.442 plugin-container[6323:469660] *** CFMessagePort: bootstrap_register(): failed 1100 (0x44c) 'Permission denied', port = 0x982b, name = 'com.apple.CFPasteboardClient'
See /usr/include/servers/bootstrap_defs.h for the error codes.
2017-07-03 15:00:31.442 plugin-container[6323:469660] void __CFPasteboardSetup() : Failed to allocate communication port for com.apple.CFPasteboardClient; this is likely due to sandbox restrictions
1499119292724	addons.productaddons	ERROR	Request failed certificate checks: [Exception... "Certificate checks failed. See previous errors for details."  nsresult: "0x80070057 (NS_ERROR_ILLEGAL_VALUE)"  location: "JS frame :: resource://gre/modules/CertUtils.jsm :: validateCert :: line 113"  data: no]
*************************
A coding exception was thrown and uncaught in a Task.

Full message: TypeError: NetworkError when attempting to fetch resource.
Full stack: 
*************************
1499138870805	Marionette	INFO	Ceased listening
1499464622751	geckodriver	INFO	Listening on 127.0.0.1:59701
1499464623847	geckodriver::marionette	INFO	Starting browser /Applications/Firefox.app/Contents/MacOS/firefox-bin with args ["-marionette"]
1499464625734	Marionette	INFO	Listening on port 59714
1499464625783	Marionette	WARN	TLS certificate errors will be ignored for this session
1499464625959	Marionette	DEBUG	loaded listener.js
1499464625988	Marionette	DEBUG	Received DOM event "beforeunload" for "about:blank"
2017-07-07 14:57:06.021 plugin-container[20645:1786347] *** CFMessagePort: bootstrap_register(): failed 1100 (0x44c) 'Permission denied', port = 0x963f, name = 'com.apple.tsm.portname'
See /usr/include/servers/bootstrap_defs.h for the error codes.
2017-07-07 14:57:06.021 plugin-container[20645:1786347] *** CFMessagePort: bootstrap_register(): failed 1100 (0x44c) 'Permission denied', port = 0x500f, name = 'com.apple.CFPasteboardClient'
See /usr/include/servers/bootstrap_defs.h for the error codes.
2017-07-07 14:57:06.021 plugin-container[20645:1786347] void __CFPasteboardSetup() : Failed to allocate communication port for com.apple.CFPasteboardClient; this is likely due to sandbox restrictions
1499464627535	Marionette	DEBUG	Received DOM event "pagehide" for "about:blank"
1499464627536	Marionette	DEBUG	Received DOM event "unload" for "about:blank"
1499464628706	Marionette	DEBUG	Received DOM event "DOMContentLoaded" for "https://twitter.com/search?q=stckoverflow&src=typd"
1499464628749	Marionette	DEBUG	Received DOM event "DOMContentLoaded" for "https://twitter.com/search?q=stckoverflow&src=typd"
1499464628751	Marionette	DEBUG	Received DOM event "pageshow" for "https://twitter.com/search?q=stckoverflow&src=typd"
1499464628752	Marionette	DEBUG	Received DOM event "DOMContentLoaded" for "https://twitter.com/search?q=stckoverflow&src=typd"
1499464628753	Marionette	DEBUG	Received DOM event "pageshow" for "https://twitter.com/search?q=stckoverflow&src=typd"
1499464628753	Marionette	DEBUG	Received DOM event "DOMContentLoaded" for "https://twitter.com/search?q=stckoverflow&src=typd"
1499464628754	Marionette	DEBUG	Received DOM event "pageshow" for "https://twitter.com/search?q=stckoverflow&src=typd"
1499464628755	Marionette	DEBUG	Received DOM event "DOMContentLoaded" for "https://twitter.com/search?q=stckoverflow&src=typd"
1499464628755	Marionette	DEBUG	Received DOM event "pageshow" for "https://twitter.com/search?q=stckoverflow&src=typd"
1499464628756	Marionette	DEBUG	Received DOM event "DOMContentLoaded" for "https://twitter.com/search?q=stckoverflow&src=typd"
1499464628756	Marionette	DEBUG	Received DOM event "pageshow" for "https://twitter.com/search?q=stckoverflow&src=typd"
1499464628757	Marionette	DEBUG	Received DOM event "DOMContentLoaded" for "https://twitter.com/search?q=stckoverflow&src=typd"
1499464628757	Marionette	DEBUG	Received DOM event "pageshow" for "https://twitter.com/search?q=stckoverflow&src=typd"
1499464628758	Marionette	DEBUG	Received DOM event "DOMContentLoaded" for "https://twitter.com/search?q=stckoverflow&src=typd"
1499464628758	Marionette	DEBUG	Received DOM event "pageshow" for "https://twitter.com/search?q=stckoverflow&src=typd"
1499464630035	Marionette	DEBUG	Received DOM event "DOMContentLoaded" for "https://twitter.com/i/cards/tfw/v1/883419151095783425?cardname=summary&autoplay_disabled=true&forward=true&earned=true&edge=true&lang=en&card_height=130&scribe_context=%7B%22client%22%3A%22web%22%2C%22page%22%3A%22search%22%2C%22section%22%3A%22default%22%2C%22component%22%3A%22tweet%22%7D&bearer_token=AAAAAAAAAAAAAAAAAAAAAPYXBAAAAAAACLXUNDekMxqa8h%252F40K4moUkGsoc%253DTYfbDKbT3jJPCEVnMYqilB28NHfOPqkca3qaAxGfsyKCs0wRbw#xdm_e=https%3A%2F%2Ftwitter.com&xdm_c=default8160&xdm_p=1"
1499464630036	Marionette	DEBUG	Received DOM event "pageshow" for "https://twitter.com/i/cards/tfw/v1/883419151095783425?cardname=summary&autoplay_disabled=true&forward=true&earned=true&edge=true&lang=en&card_height=130&scribe_context=%7B%22client%22%3A%22web%22%2C%22page%22%3A%22search%22%2C%22section%22%3A%22default%22%2C%22component%22%3A%22tweet%22%7D&bearer_token=AAAAAAAAAAAAAAAAAAAAAPYXBAAAAAAACLXUNDekMxqa8h%252F40K4moUkGsoc%253DTYfbDKbT3jJPCEVnMYqilB28NHfOPqkca3qaAxGfsyKCs0wRbw#xdm_e=https%3A%2F%2Ftwitter.com&xdm_c=default8160&xdm_p=1"
1499464630542	Marionette	DEBUG	Received DOM event "pageshow" for "https://twitter.com/search?q=stckoverflow&src=typd"
2017-07-07 14:57:18.849 firefox-bin[20644:1786252] -deltaZ is deprecated for NSEventTypeMagnify.  Please use -magnification.
[GFX1-]: Receive IPC close with reason=AbnormalShutdown
[Child 20645] WARNING: pipe error: Broken pipe: file /builds/slave/m-rel-m64-00000000000000000000/build/src/ipc/chromium/src/chrome/common/ipc_channel_posix.cc, line 702
1499464750680	geckodriver	INFO	Listening on 127.0.0.1:60358
1499464751735	geckodriver::marionette	INFO	Starting browser /Applications/Firefox.app/Contents/MacOS/firefox-bin with args ["-marionette"]
1499464753276	Marionette	INFO	Listening on port 60371
1499464753322	Marionette	WARN	TLS certificate errors will be ignored for this session
1499464753494	Marionette	DEBUG	loaded listener.js
1499464753522	Marionette	DEBUG	Received DOM event "beforeunload" for "about:blank"
2017-07-07 14:59:13.557 plugin-container[20669:1788709] *** CFMessagePort: bootstrap_register(): failed 1100 (0x44c) 'Permission denied', port = 0x963f, name = 'com.apple.tsm.portname'
See /usr/include/servers/bootstrap_defs.h for the error codes.
2017-07-07 14:59:13.557 plugin-container[20669:1788709] *** CFMessagePort: bootstrap_register(): failed 1100 (0x44c) 'Permission denied', port = 0x971f, name = 'com.apple.CFPasteboardClient'
See /usr/include/servers/bootstrap_defs.h for the error codes.
2017-07-07 14:59:13.557 plugin-container[20669:1788709] void __CFPasteboardSetup() : Failed to allocate communication port for com.apple.CFPasteboardClient; this is likely due to sandbox restrictions
1499464754863	Marionette	DEBUG	Received DOM event "pagehide" for "about:blank"
1499464754863	Marionette	DEBUG	Received DOM event "unload" for "about:blank"
1499464755499	Marionette	DEBUG	Received DOM event "DOMContentLoaded" for "https://twitter.com/search?q=stckoverflow&src=typd"
1499464755536	Marionette	DEBUG	Received DOM event "DOMContentLoaded" for "https://twitter.com/search?q=stckoverflow&src=typd"
1499464755539	Marionette	DEBUG	Received DOM event "pageshow" for "https://twitter.com/search?q=stckoverflow&src=typd"
1499464755539	Marionette	DEBUG	Received DOM event "DOMContentLoaded" for "https://twitter.com/search?q=stckoverflow&src=typd"
1499464755540	Marionette	DEBUG	Received DOM event "pageshow" for "https://twitter.com/search?q=stckoverflow&src=typd"
1499464755540	Marionette	DEBUG	Received DOM event "DOMContentLoaded" for "https://twitter.com/search?q=stckoverflow&src=typd"
1499464755541	Marionette	DEBUG	Received DOM event "pageshow" for "https://twitter.com/search?q=stckoverflow&src=typd"
1499464755542	Marionette	DEBUG	Received DOM event "DOMContentLoaded" for "https://twitter.com/search?q=stckoverflow&src=typd"
1499464755542	Marionette	DEBUG	Received DOM event "pageshow" for "https://twitter.com/search?q=stckoverflow&src=typd"
1499464755543	Marionette	DEBUG	Received DOM event "DOMContentLoaded" for "https://twitter.com/search?q=stckoverflow&src=typd"
1499464755544	Marionette	DEBUG	Received DOM event "pageshow" for "https://twitter.com/search?q=stckoverflow&src=typd"
1499464755544	Marionette	DEBUG	Received DOM event "DOMContentLoaded" for "https://twitter.com/search?q=stckoverflow&src=typd"
1499464755544	Marionette	DEBUG	Received DOM event "pageshow" for "https://twitter.com/search?q=stckoverflow&src=typd"
1499464755545	Marionette	DEBUG	Received DOM event "DOMContentLoaded" for "https://twitter.com/search?q=stckoverflow&src=typd"
1499464755545	Marionette	DEBUG	Received DOM event "pageshow" for "https://twitter.com/search?q=stckoverflow&src=typd"
1499464757567	Marionette	DEBUG	Received DOM event "DOMContentLoaded" for "https://twitter.com/i/cards/tfw/v1/883419151095783425?cardname=summary&autoplay_disabled=true&forward=true&earned=true&edge=true&lang=en&card_height=130&scribe_context=%7B%22client%22%3A%22web%22%2C%22page%22%3A%22search%22%2C%22section%22%3A%22default%22%2C%22component%22%3A%22tweet%22%7D&bearer_token=AAAAAAAAAAAAAAAAAAAAAPYXBAAAAAAACLXUNDekMxqa8h%252F40K4moUkGsoc%253DTYfbDKbT3jJPCEVnMYqilB28NHfOPqkca3qaAxGfsyKCs0wRbw#xdm_e=https%3A%2F%2Ftwitter.com&xdm_c=default281&xdm_p=1"
1499464757568	Marionette	DEBUG	Received DOM event "pageshow" for "https://twitter.com/i/cards/tfw/v1/883419151095783425?cardname=summary&autoplay_disabled=true&forward=true&earned=true&edge=true&lang=en&card_height=130&scribe_context=%7B%22client%22%3A%22web%22%2C%22page%22%3A%22search%22%2C%22section%22%3A%22default%22%2C%22component%22%3A%22tweet%22%7D&bearer_token=AAAAAAAAAAAAAAAAAAAAAPYXBAAAAAAACLXUNDekMxqa8h%252F40K4moUkGsoc%253DTYfbDKbT3jJPCEVnMYqilB28NHfOPqkca3qaAxGfsyKCs0wRbw#xdm_e=https%3A%2F%2Ftwitter.com&xdm_c=default281&xdm_p=1"
1499464757941	Marionette	DEBUG	Received DOM event "pageshow" for "https://twitter.com/search?q=stckoverflow&src=typd"
[GFX1-]: Receive IPC close with reason=AbnormalShutdown
[Child 20669] WARNING: pipe error: Broken pipe: file /builds/slave/m-rel-m64-00000000000000000000/build/src/ipc/chromium/src/chrome/common/ipc_channel_posix.cc, line 702
1499464830531	geckodriver	INFO	Listening on 127.0.0.1:60829
1499464830644	geckodriver::marionette	INFO	Starting browser /Applications/Firefox.app/Contents/MacOS/firefox-bin with args ["-marionette"]
1499464832168	Marionette	INFO	Listening on port 60836
1499464832217	Marionette	WARN	TLS certificate errors will be ignored for this session
1499464832378	Marionette	DEBUG	loaded listener.js
1499464832407	Marionette	DEBUG	Received DOM event "beforeunload" for "about:blank"
2017-07-07 15:00:32.442 plugin-container[20695:1790590] *** CFMessagePort: bootstrap_register(): failed 1100 (0x44c) 'Permission denied', port = 0x973f, name = 'com.apple.tsm.portname'
See /usr/include/servers/bootstrap_defs.h for the error codes.
2017-07-07 15:00:32.443 plugin-container[20695:1790590] *** CFMessagePort: bootstrap_register(): failed 1100 (0x44c) 'Permission denied', port = 0x9a2b, name = 'com.apple.CFPasteboardClient'
See /usr/include/servers/bootstrap_defs.h for the error codes.
2017-07-07 15:00:32.443 plugin-container[20695:1790590] void __CFPasteboardSetup() : Failed to allocate communication port for com.apple.CFPasteboardClient; this is likely due to sandbox restrictions
1499464834600	Marionette	DEBUG	Received DOM event "pagehide" for "about:blank"
1499464834600	Marionette	DEBUG	Received DOM event "unload" for "about:blank"
1499464835185	Marionette	DEBUG	Received DOM event "DOMContentLoaded" for "https://twitter.com/search?q=stckoverflow&src=typd"
1499464835192	Marionette	DEBUG	Received DOM event "DOMContentLoaded" for "https://twitter.com/search?q=stckoverflow&src=typd"
1499464835195	Marionette	DEBUG	Received DOM event "pageshow" for "https://twitter.com/search?q=stckoverflow&src=typd"
1499464835195	Marionette	DEBUG	Received DOM event "DOMContentLoaded" for "https://twitter.com/search?q=stckoverflow&src=typd"
1499464835196	Marionette	DEBUG	Received DOM event "pageshow" for "https://twitter.com/search?q=stckoverflow&src=typd"
1499464835196	Marionette	DEBUG	Received DOM event "DOMContentLoaded" for "https://twitter.com/search?q=stckoverflow&src=typd"
1499464835197	Marionette	DEBUG	Received DOM event "pageshow" for "https://twitter.com/search?q=stckoverflow&src=typd"
1499464835198	Marionette	DEBUG	Received DOM event "DOMContentLoaded" for "https://twitter.com/search?q=stckoverflow&src=typd"
1499464835198	Marionette	DEBUG	Received DOM event "pageshow" for "https://twitter.com/search?q=stckoverflow&src=typd"
1499464835199	Marionette	DEBUG	Received DOM event "DOMContentLoaded" for "https://twitter.com/search?q=stckoverflow&src=typd"
1499464835199	Marionette	DEBUG	Received DOM event "pageshow" for "https://twitter.com/search?q=stckoverflow&src=typd"
1499464835200	Marionette	DEBUG	Received DOM event "DOMContentLoaded" for "https://twitter.com/search?q=stckoverflow&src=typd"
1499464835200	Marionette	DEBUG	Received DOM event "pageshow" for "https://twitter.com/search?q=stckoverflow&src=typd"
1499464835201	Marionette	DEBUG	Received DOM event "DOMContentLoaded" for "https://twitter.com/search?q=stckoverflow&src=typd"
1499464835201	Marionette	DEBUG	Received DOM event "pageshow" for "https://twitter.com/search?q=stckoverflow&src=typd"
1499464837300	Marionette	DEBUG	Received DOM event "DOMContentLoaded" for "https://twitter.com/i/cards/tfw/v1/883328552036438016?cardname=summary&autoplay_disabled=true&forward=true&earned=true&edge=true&lang=en&card_height=130&scribe_context=%7B%22client%22%3A%22web%22%2C%22page%22%3A%22search%22%2C%22section%22%3A%22default%22%2C%22component%22%3A%22tweet%22%7D&bearer_token=AAAAAAAAAAAAAAAAAAAAAPYXBAAAAAAACLXUNDekMxqa8h%252F40K4moUkGsoc%253DTYfbDKbT3jJPCEVnMYqilB28NHfOPqkca3qaAxGfsyKCs0wRbw#xdm_e=https%3A%2F%2Ftwitter.com&xdm_c=default4277&xdm_p=1"
1499464837302	Marionette	DEBUG	Received DOM event "pageshow" for "https://twitter.com/i/cards/tfw/v1/883328552036438016?cardname=summary&autoplay_disabled=true&forward=true&earned=true&edge=true&lang=en&card_height=130&scribe_context=%7B%22client%22%3A%22web%22%2C%22page%22%3A%22search%22%2C%22section%22%3A%22default%22%2C%22component%22%3A%22tweet%22%7D&bearer_token=AAAAAAAAAAAAAAAAAAAAAPYXBAAAAAAACLXUNDekMxqa8h%252F40K4moUkGsoc%253DTYfbDKbT3jJPCEVnMYqilB28NHfOPqkca3qaAxGfsyKCs0wRbw#xdm_e=https%3A%2F%2Ftwitter.com&xdm_c=default4277&xdm_p=1"
1499464837364	Marionette	DEBUG	Received DOM event "DOMContentLoaded" for "https://twitter.com/i/cards/tfw/v1/883419151095783425?cardname=summary&autoplay_disabled=true&forward=true&earned=true&edge=true&lang=en&card_height=130&scribe_context=%7B%22client%22%3A%22web%22%2C%22page%22%3A%22search%22%2C%22section%22%3A%22default%22%2C%22component%22%3A%22tweet%22%7D&bearer_token=AAAAAAAAAAAAAAAAAAAAAPYXBAAAAAAACLXUNDekMxqa8h%252F40K4moUkGsoc%253DTYfbDKbT3jJPCEVnMYqilB28NHfOPqkca3qaAxGfsyKCs0wRbw#xdm_e=https%3A%2F%2Ftwitter.com&xdm_c=default4276&xdm_p=1"
1499464837365	Marionette	DEBUG	Received DOM event "pageshow" for "https://twitter.com/i/cards/tfw/v1/883419151095783425?cardname=summary&autoplay_disabled=true&forward=true&earned=true&edge=true&lang=en&card_height=130&scribe_context=%7B%22client%22%3A%22web%22%2C%22page%22%3A%22search%22%2C%22section%22%3A%22default%22%2C%22component%22%3A%22tweet%22%7D&bearer_token=AAAAAAAAAAAAAAAAAAAAAPYXBAAAAAAACLXUNDekMxqa8h%252F40K4moUkGsoc%253DTYfbDKbT3jJPCEVnMYqilB28NHfOPqkca3qaAxGfsyKCs0wRbw#xdm_e=https%3A%2F%2Ftwitter.com&xdm_c=default4276&xdm_p=1"
1499464837594	Marionette	DEBUG	Received DOM event "pageshow" for "https://twitter.com/search?q=stckoverflow&src=typd"
1499464892826	addons.productaddons	ERROR	Request failed certificate checks: [Exception... "Certificate checks failed. See previous errors for details."  nsresult: "0x80070057 (NS_ERROR_ILLEGAL_VALUE)"  location: "JS frame :: resource://gre/modules/CertUtils.jsm :: validateCert :: line 113"  data: no]
[GFX1-]: Receive IPC close with reason=AbnormalShutdown
1499465092886	geckodriver	INFO	Listening on 127.0.0.1:62303
1499465092940	geckodriver::marionette	INFO	Starting browser /Applications/Firefox.app/Contents/MacOS/firefox-bin with args ["-marionette"]
1499465094494	Marionette	INFO	Listening on port 62310
1499465094535	Marionette	WARN	TLS certificate errors will be ignored for this session
1499465094701	Marionette	DEBUG	loaded listener.js
1499465094729	Marionette	DEBUG	Received DOM event "beforeunload" for "about:blank"
2017-07-07 15:04:54.762 plugin-container[20740:1796583] *** CFMessagePort: bootstrap_register(): failed 1100 (0x44c) 'Permission denied', port = 0x963f, name = 'com.apple.tsm.portname'
See /usr/include/servers/bootstrap_defs.h for the error codes.
2017-07-07 15:04:54.763 plugin-container[20740:1796583] *** CFMessagePort: bootstrap_register(): failed 1100 (0x44c) 'Permission denied', port = 0x5117, name = 'com.apple.CFPasteboardClient'
See /usr/include/servers/bootstrap_defs.h for the error codes.
2017-07-07 15:04:54.763 plugin-container[20740:1796583] void __CFPasteboardSetup() : Failed to allocate communication port for com.apple.CFPasteboardClient; this is likely due to sandbox restrictions
1499465095898	Marionette	DEBUG	Received DOM event "pagehide" for "about:blank"
1499465095898	Marionette	DEBUG	Received DOM event "unload" for "about:blank"
1499465096311	Marionette	DEBUG	Received DOM event "DOMContentLoaded" for "https://twitter.com/search?q=stckoverflow&src=typd"
1499465096350	Marionette	DEBUG	Received DOM event "DOMContentLoaded" for "https://twitter.com/search?q=stckoverflow&src=typd"
1499465096354	Marionette	DEBUG	Received DOM event "pageshow" for "https://twitter.com/search?q=stckoverflow&src=typd"
1499465096354	Marionette	DEBUG	Received DOM event "DOMContentLoaded" for "https://twitter.com/search?q=stckoverflow&src=typd"
1499465096355	Marionette	DEBUG	Received DOM event "pageshow" for "https://twitter.com/search?q=stckoverflow&src=typd"
1499465096356	Marionette	DEBUG	Received DOM event "DOMContentLoaded" for "https://twitter.com/search?q=stckoverflow&src=typd"
1499465096357	Marionette	DEBUG	Received DOM event "pageshow" for "https://twitter.com/search?q=stckoverflow&src=typd"
1499465096357	Marionette	DEBUG	Received DOM event "DOMContentLoaded" for "https://twitter.com/search?q=stckoverflow&src=typd"
1499465096358	Marionette	DEBUG	Received DOM event "pageshow" for "https://twitter.com/search?q=stckoverflow&src=typd"
1499465096358	Marionette	DEBUG	Received DOM event "DOMContentLoaded" for "https://twitter.com/search?q=stckoverflow&src=typd"
1499465096359	Marionette	DEBUG	Received DOM event "pageshow" for "https://twitter.com/search?q=stckoverflow&src=typd"
1499465096359	Marionette	DEBUG	Received DOM event "DOMContentLoaded" for "https://twitter.com/search?q=stckoverflow&src=typd"
1499465096360	Marionette	DEBUG	Received DOM event "pageshow" for "https://twitter.com/search?q=stckoverflow&src=typd"
1499465096360	Marionette	DEBUG	Received DOM event "DOMContentLoaded" for "https://twitter.com/search?q=stckoverflow&src=typd"
1499465096361	Marionette	DEBUG	Received DOM event "pageshow" for "https://twitter.com/search?q=stckoverflow&src=typd"
1499465098908	Marionette	DEBUG	Received DOM event "DOMContentLoaded" for "https://twitter.com/i/cards/tfw/v1/883419151095783425?cardname=summary&autoplay_disabled=true&forward=true&earned=true&edge=true&lang=en&card_height=130&scribe_context=%7B%22client%22%3A%22web%22%2C%22page%22%3A%22search%22%2C%22section%22%3A%22default%22%2C%22component%22%3A%22tweet%22%7D&bearer_token=AAAAAAAAAAAAAAAAAAAAAPYXBAAAAAAACLXUNDekMxqa8h%252F40K4moUkGsoc%253DTYfbDKbT3jJPCEVnMYqilB28NHfOPqkca3qaAxGfsyKCs0wRbw#xdm_e=https%3A%2F%2Ftwitter.com&xdm_c=default7028&xdm_p=1"
1499465098910	Marionette	DEBUG	Received DOM event "pageshow" for "https://twitter.com/i/cards/tfw/v1/883419151095783425?cardname=summary&autoplay_disabled=true&forward=true&earned=true&edge=true&lang=en&card_height=130&scribe_context=%7B%22client%22%3A%22web%22%2C%22page%22%3A%22search%22%2C%22section%22%3A%22default%22%2C%22component%22%3A%22tweet%22%7D&bearer_token=AAAAAAAAAAAAAAAAAAAAAPYXBAAAAAAACLXUNDekMxqa8h%252F40K4moUkGsoc%253DTYfbDKbT3jJPCEVnMYqilB28NHfOPqkca3qaAxGfsyKCs0wRbw#xdm_e=https%3A%2F%2Ftwitter.com&xdm_c=default7028&xdm_p=1"
1499465099006	Marionette	DEBUG	Received DOM event "DOMContentLoaded" for "https://twitter.com/i/cards/tfw/v1/883446074370908160?cardname=poll2choice_text_only&autoplay_disabled=true&forward=true&earned=true&edge=true&lang=en&card_height=114&scribe_context=%7B%22client%22%3A%22web%22%2C%22page%22%3A%22search%22%2C%22section%22%3A%22default%22%2C%22component%22%3A%22tweet%22%7D&bearer_token=AAAAAAAAAAAAAAAAAAAAAPYXBAAAAAAACLXUNDekMxqa8h%252F40K4moUkGsoc%253DTYfbDKbT3jJPCEVnMYqilB28NHfOPqkca3qaAxGfsyKCs0wRbw#xdm_e=https%3A%2F%2Ftwitter.com&xdm_c=default7027&xdm_p=1"
1499465099007	Marionette	DEBUG	Received DOM event "pageshow" for "https://twitter.com/i/cards/tfw/v1/883446074370908160?cardname=poll2choice_text_only&autoplay_disabled=true&forward=true&earned=true&edge=true&lang=en&card_height=114&scribe_context=%7B%22client%22%3A%22web%22%2C%22page%22%3A%22search%22%2C%22section%22%3A%22default%22%2C%22component%22%3A%22tweet%22%7D&bearer_token=AAAAAAAAAAAAAAAAAAAAAPYXBAAAAAAACLXUNDekMxqa8h%252F40K4moUkGsoc%253DTYfbDKbT3jJPCEVnMYqilB28NHfOPqkca3qaAxGfsyKCs0wRbw#xdm_e=https%3A%2F%2Ftwitter.com&xdm_c=default7027&xdm_p=1"
1499465099147	Marionette	DEBUG	Received DOM event "pageshow" for "https://twitter.com/search?q=stckoverflow&src=typd"
[Child 20740] WARNING: pipe error: Broken pipe: file /builds/slave/m-rel-m64-00000000000000000000/build/src/ipc/chromium/src/chrome/common/ipc_channel_posix.cc, line 702
1499465237595	geckodriver	INFO	Listening on 127.0.0.1:63172
1499465238650	geckodriver::marionette	INFO	Starting browser /Applications/Firefox.app/Contents/MacOS/firefox-bin with args ["-marionette"]
1499465240191	Marionette	INFO	Listening on port 63185
1499465240237	Marionette	WARN	TLS certificate errors will be ignored for this session
1499465240408	Marionette	DEBUG	loaded listener.js
1499465240437	Marionette	DEBUG	Received DOM event "beforeunload" for "about:blank"
2017-07-07 15:07:20.471 plugin-container[20771:1800347] *** CFMessagePort: bootstrap_register(): failed 1100 (0x44c) 'Permission denied', port = 0x943f, name = 'com.apple.tsm.portname'
See /usr/include/servers/bootstrap_defs.h for the error codes.
2017-07-07 15:07:20.471 plugin-container[20771:1800347] *** CFMessagePort: bootstrap_register(): failed 1100 (0x44c) 'Permission denied', port = 0x5007, name = 'com.apple.CFPasteboardClient'
See /usr/include/servers/bootstrap_defs.h for the error codes.
2017-07-07 15:07:20.471 plugin-container[20771:1800347] void __CFPasteboardSetup() : Failed to allocate communication port for com.apple.CFPasteboardClient; this is likely due to sandbox restrictions
1499465241729	Marionette	DEBUG	Received DOM event "pagehide" for "about:blank"
1499465241729	Marionette	DEBUG	Received DOM event "unload" for "about:blank"
1499465242474	Marionette	DEBUG	Received DOM event "DOMContentLoaded" for "https://twitter.com/search?q=stckoverflow&src=typd"
1499465242510	Marionette	DEBUG	Received DOM event "DOMContentLoaded" for "https://twitter.com/search?q=stckoverflow&src=typd"
1499465242513	Marionette	DEBUG	Received DOM event "pageshow" for "https://twitter.com/search?q=stckoverflow&src=typd"
1499465242513	Marionette	DEBUG	Received DOM event "DOMContentLoaded" for "https://twitter.com/search?q=stckoverflow&src=typd"
1499465242514	Marionette	DEBUG	Received DOM event "pageshow" for "https://twitter.com/search?q=stckoverflow&src=typd"
1499465242514	Marionette	DEBUG	Received DOM event "DOMContentLoaded" for "https://twitter.com/search?q=stckoverflow&src=typd"
1499465242515	Marionette	DEBUG	Received DOM event "pageshow" for "https://twitter.com/search?q=stckoverflow&src=typd"
1499465242515	Marionette	DEBUG	Received DOM event "DOMContentLoaded" for "https://twitter.com/search?q=stckoverflow&src=typd"
1499465242516	Marionette	DEBUG	Received DOM event "pageshow" for "https://twitter.com/search?q=stckoverflow&src=typd"
1499465242517	Marionette	DEBUG	Received DOM event "DOMContentLoaded" for "https://twitter.com/search?q=stckoverflow&src=typd"
1499465242517	Marionette	DEBUG	Received DOM event "pageshow" for "https://twitter.com/search?q=stckoverflow&src=typd"
1499465242517	Marionette	DEBUG	Received DOM event "DOMContentLoaded" for "https://twitter.com/search?q=stckoverflow&src=typd"
1499465242518	Marionette	DEBUG	Received DOM event "pageshow" for "https://twitter.com/search?q=stckoverflow&src=typd"
1499465242518	Marionette	DEBUG	Received DOM event "DOMContentLoaded" for "https://twitter.com/search?q=stckoverflow&src=typd"
1499465242519	Marionette	DEBUG	Received DOM event "pageshow" for "https://twitter.com/search?q=stckoverflow&src=typd"
1499465245036	Marionette	DEBUG	Received DOM event "DOMContentLoaded" for "https://twitter.com/i/cards/tfw/v1/883446074370908160?cardname=poll2choice_text_only&autoplay_disabled=true&forward=true&earned=true&edge=true&lang=en&card_height=114&scribe_context=%7B%22client%22%3A%22web%22%2C%22page%22%3A%22search%22%2C%22section%22%3A%22default%22%2C%22component%22%3A%22tweet%22%7D&bearer_token=AAAAAAAAAAAAAAAAAAAAAPYXBAAAAAAACLXUNDekMxqa8h%252F40K4moUkGsoc%253DTYfbDKbT3jJPCEVnMYqilB28NHfOPqkca3qaAxGfsyKCs0wRbw#xdm_e=https%3A%2F%2Ftwitter.com&xdm_c=default4806&xdm_p=1"
1499465245038	Marionette	DEBUG	Received DOM event "pageshow" for "https://twitter.com/i/cards/tfw/v1/883446074370908160?cardname=poll2choice_text_only&autoplay_disabled=true&forward=true&earned=true&edge=true&lang=en&card_height=114&scribe_context=%7B%22client%22%3A%22web%22%2C%22page%22%3A%22search%22%2C%22section%22%3A%22default%22%2C%22component%22%3A%22tweet%22%7D&bearer_token=AAAAAAAAAAAAAAAAAAAAAPYXBAAAAAAACLXUNDekMxqa8h%252F40K4moUkGsoc%253DTYfbDKbT3jJPCEVnMYqilB28NHfOPqkca3qaAxGfsyKCs0wRbw#xdm_e=https%3A%2F%2Ftwitter.com&xdm_c=default4806&xdm_p=1"
1499465245132	Marionette	DEBUG	Received DOM event "DOMContentLoaded" for "https://twitter.com/i/cards/tfw/v1/883419151095783425?cardname=summary&autoplay_disabled=true&forward=true&earned=true&edge=true&lang=en&card_height=130&scribe_context=%7B%22client%22%3A%22web%22%2C%22page%22%3A%22search%22%2C%22section%22%3A%22default%22%2C%22component%22%3A%22tweet%22%7D&bearer_token=AAAAAAAAAAAAAAAAAAAAAPYXBAAAAAAACLXUNDekMxqa8h%252F40K4moUkGsoc%253DTYfbDKbT3jJPCEVnMYqilB28NHfOPqkca3qaAxGfsyKCs0wRbw#xdm_e=https%3A%2F%2Ftwitter.com&xdm_c=default4807&xdm_p=1"
1499465245133	Marionette	DEBUG	Received DOM event "pageshow" for "https://twitter.com/i/cards/tfw/v1/883419151095783425?cardname=summary&autoplay_disabled=true&forward=true&earned=true&edge=true&lang=en&card_height=130&scribe_context=%7B%22client%22%3A%22web%22%2C%22page%22%3A%22search%22%2C%22section%22%3A%22default%22%2C%22component%22%3A%22tweet%22%7D&bearer_token=AAAAAAAAAAAAAAAAAAAAAPYXBAAAAAAACLXUNDekMxqa8h%252F40K4moUkGsoc%253DTYfbDKbT3jJPCEVnMYqilB28NHfOPqkca3qaAxGfsyKCs0wRbw#xdm_e=https%3A%2F%2Ftwitter.com&xdm_c=default4807&xdm_p=1"
1499465245354	Marionette	DEBUG	Received DOM event "pageshow" for "https://twitter.com/search?q=stckoverflow&src=typd"
1499465262514	geckodriver	INFO	Listening on 127.0.0.1:63410
1499465262575	geckodriver::marionette	INFO	Starting browser /Applications/Firefox.app/Contents/MacOS/firefox-bin with args ["-marionette"]
1499465264129	Marionette	INFO	Listening on port 63417
1499465264173	Marionette	WARN	TLS certificate errors will be ignored for this session
1499465264354	Marionette	DEBUG	loaded listener.js
1499465264382	Marionette	DEBUG	Received DOM event "beforeunload" for "about:blank"
2017-07-07 15:07:44.416 plugin-container[20782:1801650] *** CFMessagePort: bootstrap_register(): failed 1100 (0x44c) 'Permission denied', port = 0x963f, name = 'com.apple.tsm.portname'
See /usr/include/servers/bootstrap_defs.h for the error codes.
2017-07-07 15:07:44.417 plugin-container[20782:1801650] *** CFMessagePort: bootstrap_register(): failed 1100 (0x44c) 'Permission denied', port = 0x5107, name = 'com.apple.CFPasteboardClient'
See /usr/include/servers/bootstrap_defs.h for the error codes.
2017-07-07 15:07:44.417 plugin-container[20782:1801650] void __CFPasteboardSetup() : Failed to allocate communication port for com.apple.CFPasteboardClient; this is likely due to sandbox restrictions
1499465265258	Marionette	DEBUG	Received DOM event "pagehide" for "about:blank"
1499465265258	Marionette	DEBUG	Received DOM event "unload" for "about:blank"
1499465266241	Marionette	DEBUG	Received DOM event "DOMContentLoaded" for "https://twitter.com/search?q=stckoverflow&src=typd"
1499465266249	Marionette	DEBUG	Received DOM event "DOMContentLoaded" for "https://twitter.com/search?q=stckoverflow&src=typd"
1499465266252	Marionette	DEBUG	Received DOM event "pageshow" for "https://twitter.com/search?q=stckoverflow&src=typd"
1499465266253	Marionette	DEBUG	Received DOM event "DOMContentLoaded" for "https://twitter.com/search?q=stckoverflow&src=typd"
1499465266254	Marionette	DEBUG	Received DOM event "pageshow" for "https://twitter.com/search?q=stckoverflow&src=typd"
1499465266254	Marionette	DEBUG	Received DOM event "DOMContentLoaded" for "https://twitter.com/search?q=stckoverflow&src=typd"
1499465266255	Marionette	DEBUG	Received DOM event "pageshow" for "https://twitter.com/search?q=stckoverflow&src=typd"
1499465266255	Marionette	DEBUG	Received DOM event "DOMContentLoaded" for "https://twitter.com/search?q=stckoverflow&src=typd"
1499465266256	Marionette	DEBUG	Received DOM event "pageshow" for "https://twitter.com/search?q=stckoverflow&src=typd"
1499465266256	Marionette	DEBUG	Received DOM event "DOMContentLoaded" for "https://twitter.com/search?q=stckoverflow&src=typd"
1499465266257	Marionette	DEBUG	Received DOM event "pageshow" for "https://twitter.com/search?q=stckoverflow&src=typd"
1499465266257	Marionette	DEBUG	Received DOM event "DOMContentLoaded" for "https://twitter.com/search?q=stckoverflow&src=typd"
1499465266258	Marionette	DEBUG	Received DOM event "pageshow" for "https://twitter.com/search?q=stckoverflow&src=typd"
1499465266258	Marionette	DEBUG	Received DOM event "DOMContentLoaded" for "https://twitter.com/search?q=stckoverflow&src=typd"
1499465266259	Marionette	DEBUG	Received DOM event "pageshow" for "https://twitter.com/search?q=stckoverflow&src=typd"
1499465267735	Marionette	DEBUG	Received DOM event "DOMContentLoaded" for "https://twitter.com/i/cards/tfw/v1/883419151095783425?cardname=summary&autoplay_disabled=true&forward=true&earned=true&edge=true&lang=en&card_height=130&scribe_context=%7B%22client%22%3A%22web%22%2C%22page%22%3A%22search%22%2C%22section%22%3A%22default%22%2C%22component%22%3A%22tweet%22%7D&bearer_token=AAAAAAAAAAAAAAAAAAAAAPYXBAAAAAAACLXUNDekMxqa8h%252F40K4moUkGsoc%253DTYfbDKbT3jJPCEVnMYqilB28NHfOPqkca3qaAxGfsyKCs0wRbw#xdm_e=https%3A%2F%2Ftwitter.com&xdm_c=default7865&xdm_p=1"
1499465267736	Marionette	DEBUG	Received DOM event "pageshow" for "https://twitter.com/i/cards/tfw/v1/883419151095783425?cardname=summary&autoplay_disabled=true&forward=true&earned=true&edge=true&lang=en&card_height=130&scribe_context=%7B%22client%22%3A%22web%22%2C%22page%22%3A%22search%22%2C%22section%22%3A%22default%22%2C%22component%22%3A%22tweet%22%7D&bearer_token=AAAAAAAAAAAAAAAAAAAAAPYXBAAAAAAACLXUNDekMxqa8h%252F40K4moUkGsoc%253DTYfbDKbT3jJPCEVnMYqilB28NHfOPqkca3qaAxGfsyKCs0wRbw#xdm_e=https%3A%2F%2Ftwitter.com&xdm_c=default7865&xdm_p=1"
1499465267835	Marionette	DEBUG	Received DOM event "DOMContentLoaded" for "https://twitter.com/i/cards/tfw/v1/883446074370908160?cardname=poll2choice_text_only&autoplay_disabled=true&forward=true&earned=true&edge=true&lang=en&card_height=114&scribe_context=%7B%22client%22%3A%22web%22%2C%22page%22%3A%22search%22%2C%22section%22%3A%22default%22%2C%22component%22%3A%22tweet%22%7D&bearer_token=AAAAAAAAAAAAAAAAAAAAAPYXBAAAAAAACLXUNDekMxqa8h%252F40K4moUkGsoc%253DTYfbDKbT3jJPCEVnMYqilB28NHfOPqkca3qaAxGfsyKCs0wRbw#xdm_e=https%3A%2F%2Ftwitter.com&xdm_c=default7864&xdm_p=1"
1499465267836	Marionette	DEBUG	Received DOM event "pageshow" for "https://twitter.com/i/cards/tfw/v1/883446074370908160?cardname=poll2choice_text_only&autoplay_disabled=true&forward=true&earned=true&edge=true&lang=en&card_height=114&scribe_context=%7B%22client%22%3A%22web%22%2C%22page%22%3A%22search%22%2C%22section%22%3A%22default%22%2C%22component%22%3A%22tweet%22%7D&bearer_token=AAAAAAAAAAAAAAAAAAAAAPYXBAAAAAAACLXUNDekMxqa8h%252F40K4moUkGsoc%253DTYfbDKbT3jJPCEVnMYqilB28NHfOPqkca3qaAxGfsyKCs0wRbw#xdm_e=https%3A%2F%2Ftwitter.com&xdm_c=default7864&xdm_p=1"
1499465267907	Marionette	DEBUG	Received DOM event "pageshow" for "https://twitter.com/search?q=stckoverflow&src=typd"
[Child 20782] WARNING: pipe error: Broken pipe: file /builds/slave/m-rel-m64-00000000000000000000/build/src/ipc/chromium/src/chrome/common/ipc_channel_posix.cc, line 702
1499465331334	geckodriver	INFO	Listening on 127.0.0.1:63833
1499465332392	geckodriver::marionette	INFO	Starting browser /Applications/Firefox.app/Contents/MacOS/firefox-bin with args ["-marionette"]
1499465333928	Marionette	INFO	Listening on port 63848
1499465333973	Marionette	WARN	TLS certificate errors will be ignored for this session
1499465334146	Marionette	DEBUG	loaded listener.js
1499465334174	Marionette	DEBUG	Received DOM event "beforeunload" for "about:blank"
2017-07-07 15:08:54.208 plugin-container[20800:1804371] *** CFMessagePort: bootstrap_register(): failed 1100 (0x44c) 'Permission denied', port = 0x953f, name = 'com.apple.tsm.portname'
See /usr/include/servers/bootstrap_defs.h for the error codes.
2017-07-07 15:08:54.209 plugin-container[20800:1804371] *** CFMessagePort: bootstrap_register(): failed 1100 (0x44c) 'Permission denied', port = 0x4b1f, name = 'com.apple.CFPasteboardClient'
See /usr/include/servers/bootstrap_defs.h for the error codes.
2017-07-07 15:08:54.209 plugin-container[20800:1804371] void __CFPasteboardSetup() : Failed to allocate communication port for com.apple.CFPasteboardClient; this is likely due to sandbox restrictions
1499465335369	Marionette	DEBUG	Received DOM event "pagehide" for "about:blank"
1499465335369	Marionette	DEBUG	Received DOM event "unload" for "about:blank"
1499465338094	Marionette	DEBUG	Received DOM event "DOMContentLoaded" for "https://twitter.com/search?q=stckoverflow&src=typd"
1499465338217	Marionette	DEBUG	Received DOM event "DOMContentLoaded" for "https://twitter.com/search?q=stckoverflow&src=typd"
1499465338221	Marionette	DEBUG	Received DOM event "pageshow" for "https://twitter.com/search?q=stckoverflow&src=typd"
1499465338222	Marionette	DEBUG	Received DOM event "DOMContentLoaded" for "https://twitter.com/search?q=stckoverflow&src=typd"
1499465338223	Marionette	DEBUG	Received DOM event "pageshow" for "https://twitter.com/search?q=stckoverflow&src=typd"
1499465338223	Marionette	DEBUG	Received DOM event "DOMContentLoaded" for "https://twitter.com/search?q=stckoverflow&src=typd"
1499465338224	Marionette	DEBUG	Received DOM event "pageshow" for "https://twitter.com/search?q=stckoverflow&src=typd"
1499465338225	Marionette	DEBUG	Received DOM event "DOMContentLoaded" for "https://twitter.com/search?q=stckoverflow&src=typd"
1499465338226	Marionette	DEBUG	Received DOM event "pageshow" for "https://twitter.com/search?q=stckoverflow&src=typd"
1499465338226	Marionette	DEBUG	Received DOM event "DOMContentLoaded" for "https://twitter.com/search?q=stckoverflow&src=typd"
1499465338227	Marionette	DEBUG	Received DOM event "pageshow" for "https://twitter.com/search?q=stckoverflow&src=typd"
1499465338227	Marionette	DEBUG	Received DOM event "DOMContentLoaded" for "https://twitter.com/search?q=stckoverflow&src=typd"
1499465338227	Marionette	DEBUG	Received DOM event "pageshow" for "https://twitter.com/search?q=stckoverflow&src=typd"
1499465338228	Marionette	DEBUG	Received DOM event "DOMContentLoaded" for "https://twitter.com/search?q=stckoverflow&src=typd"
1499465338228	Marionette	DEBUG	Received DOM event "pageshow" for "https://twitter.com/search?q=stckoverflow&src=typd"
1499465339924	Marionette	DEBUG	Received DOM event "DOMContentLoaded" for "https://twitter.com/i/cards/tfw/v1/883419151095783425?cardname=summary&autoplay_disabled=true&forward=true&earned=true&edge=true&lang=en&card_height=130&scribe_context=%7B%22client%22%3A%22web%22%2C%22page%22%3A%22search%22%2C%22section%22%3A%22default%22%2C%22component%22%3A%22tweet%22%7D&bearer_token=AAAAAAAAAAAAAAAAAAAAAPYXBAAAAAAACLXUNDekMxqa8h%252F40K4moUkGsoc%253DTYfbDKbT3jJPCEVnMYqilB28NHfOPqkca3qaAxGfsyKCs0wRbw#xdm_e=https%3A%2F%2Ftwitter.com&xdm_c=default1801&xdm_p=1"
1499465339926	Marionette	DEBUG	Received DOM event "pageshow" for "https://twitter.com/i/cards/tfw/v1/883419151095783425?cardname=summary&autoplay_disabled=true&forward=true&earned=true&edge=true&lang=en&card_height=130&scribe_context=%7B%22client%22%3A%22web%22%2C%22page%22%3A%22search%22%2C%22section%22%3A%22default%22%2C%22component%22%3A%22tweet%22%7D&bearer_token=AAAAAAAAAAAAAAAAAAAAAPYXBAAAAAAACLXUNDekMxqa8h%252F40K4moUkGsoc%253DTYfbDKbT3jJPCEVnMYqilB28NHfOPqkca3qaAxGfsyKCs0wRbw#xdm_e=https%3A%2F%2Ftwitter.com&xdm_c=default1801&xdm_p=1"
1499465339980	Marionette	DEBUG	Received DOM event "DOMContentLoaded" for "https://twitter.com/i/cards/tfw/v1/883446074370908160?cardname=poll2choice_text_only&autoplay_disabled=true&forward=true&earned=true&edge=true&lang=en&card_height=114&scribe_context=%7B%22client%22%3A%22web%22%2C%22page%22%3A%22search%22%2C%22section%22%3A%22default%22%2C%22component%22%3A%22tweet%22%7D&bearer_token=AAAAAAAAAAAAAAAAAAAAAPYXBAAAAAAACLXUNDekMxqa8h%252F40K4moUkGsoc%253DTYfbDKbT3jJPCEVnMYqilB28NHfOPqkca3qaAxGfsyKCs0wRbw#xdm_e=https%3A%2F%2Ftwitter.com&xdm_c=default1800&xdm_p=1"
1499465339981	Marionette	DEBUG	Received DOM event "pageshow" for "https://twitter.com/i/cards/tfw/v1/883446074370908160?cardname=poll2choice_text_only&autoplay_disabled=true&forward=true&earned=true&edge=true&lang=en&card_height=114&scribe_context=%7B%22client%22%3A%22web%22%2C%22page%22%3A%22search%22%2C%22section%22%3A%22default%22%2C%22component%22%3A%22tweet%22%7D&bearer_token=AAAAAAAAAAAAAAAAAAAAAPYXBAAAAAAACLXUNDekMxqa8h%252F40K4moUkGsoc%253DTYfbDKbT3jJPCEVnMYqilB28NHfOPqkca3qaAxGfsyKCs0wRbw#xdm_e=https%3A%2F%2Ftwitter.com&xdm_c=default1800&xdm_p=1"
1499465340704	Marionette	DEBUG	Received DOM event "pageshow" for "https://twitter.com/search?q=stckoverflow&src=typd"
1499466914040	geckodriver	INFO	Listening on 127.0.0.1:55684
1499466914164	geckodriver::marionette	INFO	Starting browser /Applications/Firefox.app/Contents/MacOS/firefox-bin with args ["-marionette"]
1499466915750	Marionette	INFO	Listening on port 55691
1499466915838	Marionette	WARN	TLS certificate errors will be ignored for this session
1499466915973	Marionette	DEBUG	loaded listener.js
1499466916001	Marionette	DEBUG	Received DOM event "beforeunload" for "about:blank"
2017-07-07 15:35:16.036 plugin-container[21054:1837552] *** CFMessagePort: bootstrap_register(): failed 1100 (0x44c) 'Permission denied', port = 0x953f, name = 'com.apple.tsm.portname'
See /usr/include/servers/bootstrap_defs.h for the error codes.
2017-07-07 15:35:16.037 plugin-container[21054:1837552] *** CFMessagePort: bootstrap_register(): failed 1100 (0x44c) 'Permission denied', port = 0x9713, name = 'com.apple.CFPasteboardClient'
See /usr/include/servers/bootstrap_defs.h for the error codes.
2017-07-07 15:35:16.037 plugin-container[21054:1837552] void __CFPasteboardSetup() : Failed to allocate communication port for com.apple.CFPasteboardClient; this is likely due to sandbox restrictions
1499466917131	Marionette	DEBUG	Received DOM event "pagehide" for "about:blank"
1499466917131	Marionette	DEBUG	Received DOM event "unload" for "about:blank"
1499466917699	Marionette	DEBUG	Received DOM event "DOMContentLoaded" for "https://twitter.com/search?q=stckoverflow&src=typd"
1499466917733	Marionette	DEBUG	Received DOM event "DOMContentLoaded" for "https://twitter.com/search?q=stckoverflow&src=typd"
1499466917736	Marionette	DEBUG	Received DOM event "pageshow" for "https://twitter.com/search?q=stckoverflow&src=typd"
1499466917736	Marionette	DEBUG	Received DOM event "DOMContentLoaded" for "https://twitter.com/search?q=stckoverflow&src=typd"
1499466917737	Marionette	DEBUG	Received DOM event "pageshow" for "https://twitter.com/search?q=stckoverflow&src=typd"
1499466917737	Marionette	DEBUG	Received DOM event "DOMContentLoaded" for "https://twitter.com/search?q=stckoverflow&src=typd"
1499466917738	Marionette	DEBUG	Received DOM event "pageshow" for "https://twitter.com/search?q=stckoverflow&src=typd"
1499466917738	Marionette	DEBUG	Received DOM event "DOMContentLoaded" for "https://twitter.com/search?q=stckoverflow&src=typd"
1499466917739	Marionette	DEBUG	Received DOM event "pageshow" for "https://twitter.com/search?q=stckoverflow&src=typd"
1499466917739	Marionette	DEBUG	Received DOM event "DOMContentLoaded" for "https://twitter.com/search?q=stckoverflow&src=typd"
1499466917740	Marionette	DEBUG	Received DOM event "pageshow" for "https://twitter.com/search?q=stckoverflow&src=typd"
1499466917740	Marionette	DEBUG	Received DOM event "DOMContentLoaded" for "https://twitter.com/search?q=stckoverflow&src=typd"
1499466917741	Marionette	DEBUG	Received DOM event "pageshow" for "https://twitter.com/search?q=stckoverflow&src=typd"
1499466917741	Marionette	DEBUG	Received DOM event "DOMContentLoaded" for "https://twitter.com/search?q=stckoverflow&src=typd"
1499466917742	Marionette	DEBUG	Received DOM event "pageshow" for "https://twitter.com/search?q=stckoverflow&src=typd"
1499466919347	Marionette	DEBUG	Received DOM event "DOMContentLoaded" for "https://twitter.com/i/cards/tfw/v1/883454094609960961?cardname=summary&autoplay_disabled=true&forward=true&earned=true&edge=true&lang=en&card_height=130&scribe_context=%7B%22client%22%3A%22web%22%2C%22page%22%3A%22search%22%2C%22section%22%3A%22default%22%2C%22component%22%3A%22tweet%22%7D&bearer_token=AAAAAAAAAAAAAAAAAAAAAPYXBAAAAAAACLXUNDekMxqa8h%252F40K4moUkGsoc%253DTYfbDKbT3jJPCEVnMYqilB28NHfOPqkca3qaAxGfsyKCs0wRbw#xdm_e=https%3A%2F%2Ftwitter.com&xdm_c=default6864&xdm_p=1"
1499466919349	Marionette	DEBUG	Received DOM event "pageshow" for "https://twitter.com/i/cards/tfw/v1/883454094609960961?cardname=summary&autoplay_disabled=true&forward=true&earned=true&edge=true&lang=en&card_height=130&scribe_context=%7B%22client%22%3A%22web%22%2C%22page%22%3A%22search%22%2C%22section%22%3A%22default%22%2C%22component%22%3A%22tweet%22%7D&bearer_token=AAAAAAAAAAAAAAAAAAAAAPYXBAAAAAAACLXUNDekMxqa8h%252F40K4moUkGsoc%253DTYfbDKbT3jJPCEVnMYqilB28NHfOPqkca3qaAxGfsyKCs0wRbw#xdm_e=https%3A%2F%2Ftwitter.com&xdm_c=default6864&xdm_p=1"
1499466919480	Marionette	DEBUG	Received DOM event "DOMContentLoaded" for "https://twitter.com/i/cards/tfw/v1/883446074370908160?cardname=poll2choice_text_only&autoplay_disabled=true&forward=true&earned=true&edge=true&lang=en&card_height=114&scribe_context=%7B%22client%22%3A%22web%22%2C%22page%22%3A%22search%22%2C%22section%22%3A%22default%22%2C%22component%22%3A%22tweet%22%7D&bearer_token=AAAAAAAAAAAAAAAAAAAAAPYXBAAAAAAACLXUNDekMxqa8h%252F40K4moUkGsoc%253DTYfbDKbT3jJPCEVnMYqilB28NHfOPqkca3qaAxGfsyKCs0wRbw#xdm_e=https%3A%2F%2Ftwitter.com&xdm_c=default6865&xdm_p=1"
1499466919481	Marionette	DEBUG	Received DOM event "pageshow" for "https://twitter.com/i/cards/tfw/v1/883446074370908160?cardname=poll2choice_text_only&autoplay_disabled=true&forward=true&earned=true&edge=true&lang=en&card_height=114&scribe_context=%7B%22client%22%3A%22web%22%2C%22page%22%3A%22search%22%2C%22section%22%3A%22default%22%2C%22component%22%3A%22tweet%22%7D&bearer_token=AAAAAAAAAAAAAAAAAAAAAPYXBAAAAAAACLXUNDekMxqa8h%252F40K4moUkGsoc%253DTYfbDKbT3jJPCEVnMYqilB28NHfOPqkca3qaAxGfsyKCs0wRbw#xdm_e=https%3A%2F%2Ftwitter.com&xdm_c=default6865&xdm_p=1"
1499466919481	Marionette	DEBUG	Received DOM event "DOMContentLoaded" for "https://twitter.com/i/cards/tfw/v1/883419151095783425?cardname=summary&autoplay_disabled=true&forward=true&earned=true&edge=true&lang=en&card_height=130&scribe_context=%7B%22client%22%3A%22web%22%2C%22page%22%3A%22search%22%2C%22section%22%3A%22default%22%2C%22component%22%3A%22tweet%22%7D&bearer_token=AAAAAAAAAAAAAAAAAAAAAPYXBAAAAAAACLXUNDekMxqa8h%252F40K4moUkGsoc%253DTYfbDKbT3jJPCEVnMYqilB28NHfOPqkca3qaAxGfsyKCs0wRbw#xdm_e=https%3A%2F%2Ftwitter.com&xdm_c=default6866&xdm_p=1"
1499466919483	Marionette	DEBUG	Received DOM event "pageshow" for "https://twitter.com/i/cards/tfw/v1/883419151095783425?cardname=summary&autoplay_disabled=true&forward=true&earned=true&edge=true&lang=en&card_height=130&scribe_context=%7B%22client%22%3A%22web%22%2C%22page%22%3A%22search%22%2C%22section%22%3A%22default%22%2C%22component%22%3A%22tweet%22%7D&bearer_token=AAAAAAAAAAAAAAAAAAAAAPYXBAAAAAAACLXUNDekMxqa8h%252F40K4moUkGsoc%253DTYfbDKbT3jJPCEVnMYqilB28NHfOPqkca3qaAxGfsyKCs0wRbw#xdm_e=https%3A%2F%2Ftwitter.com&xdm_c=default6866&xdm_p=1"
1499466919866	Marionette	DEBUG	Received DOM event "pageshow" for "https://twitter.com/search?q=stckoverflow&src=typd"
[Child 21054] WARNING: pipe error: Broken pipe: file /builds/slave/m-rel-m64-00000000000000000000/build/src/ipc/chromium/src/chrome/common/ipc_channel_posix.cc, line 702
